<?xml version="1.0" encoding="UTF-8"?>
<!-- Generated by org.testng.reporters.JUnitReportReporter -->
<testsuite hostname="Fabian-PC" name="de.rpgstupe.rpgplugin.player.inventory.FakeInventoryTest" tests="1" failures="1" timestamp="29 Jan 2017 02:20:28 GMT" time="0.136" errors="0">
  <testcase name="isCustomItemStackFitInInventoryShouldReturnFalseForInvalidCases" time="0.136" classname="de.rpgstupe.rpgplugin.player.inventory.FakeInventoryTest">
    <failure type="java.lang.NullPointerException">
      <![CDATA[java.lang.NullPointerException
	at org.bukkit.Bukkit.getItemFactory(Bukkit.java:1036)
	at org.bukkit.inventory.ItemStack.hasItemMeta(ItemStack.java:577)
	at org.bukkit.inventory.ItemStack.isSimilar(ItemStack.java:338)
	at de.rpgstupe.rpgplugin.player.inventory.FakeInventory.isCustomItemStackFitInInventory(FakeInventory.java:47)
	at de.rpgstupe.rpgplugin.player.inventory.FakeInventoryTest.isCustomItemStackFitInInventoryShouldReturnFalseForInvalidCases(FakeInventoryTest.java:56)
	at sun.reflect.NativeMethodAccessorImpl.invoke0(Native Method)
	at sun.reflect.NativeMethodAccessorImpl.invoke(NativeMethodAccessorImpl.java:62)
	at sun.reflect.DelegatingMethodAccessorImpl.invoke(DelegatingMethodAccessorImpl.java:43)
	at java.lang.reflect.Method.invoke(Method.java:498)
	at org.testng.internal.MethodInvocationHelper.invokeMethod(MethodInvocationHelper.java:80)
	at org.testng.internal.Invoker.invokeMethod(Invoker.java:715)
	at org.testng.internal.Invoker.invokeTestMethod(Invoker.java:907)
	at org.testng.internal.Invoker.invokeTestMethods(Invoker.java:1237)
	at org.testng.internal.TestMethodWorker.invokeTestMethods(TestMethodWorker.java:127)
	at org.testng.internal.TestMethodWorker.run(TestMethodWorker.java:111)
	at org.testng.TestRunner.privateRun(TestRunner.java:767)
	at org.testng.TestRunner.run(TestRunner.java:617)
	at org.testng.SuiteRunner.runTest(SuiteRunner.java:334)
	at org.testng.SuiteRunner.runSequentially(SuiteRunner.java:329)
	at org.testng.SuiteRunner.privateRun(SuiteRunner.java:291)
	at org.testng.SuiteRunner.run(SuiteRunner.java:240)
	at org.testng.SuiteRunnerWorker.runSuite(SuiteRunnerWorker.java:51)
	at org.testng.SuiteRunnerWorker.run(SuiteRunnerWorker.java:85)
	at org.testng.TestNG.runSuitesSequentially(TestNG.java:1197)
	at org.testng.TestNG.runSuitesLocally(TestNG.java:1122)
	at org.testng.TestNG.run(TestNG.java:1030)
	at org.testng.remote.AbstractRemoteTestNG.run(AbstractRemoteTestNG.java:132)
	at org.testng.remote.RemoteTestNG.initAndRun(RemoteTestNG.java:236)
	at org.testng.remote.RemoteTestNG.main(RemoteTestNG.java:81)
]]>
    </failure>
  </testcase> <!-- isCustomItemStackFitInInventoryShouldReturnFalseForInvalidCases -->
</testsuite> <!-- de.rpgstupe.rpgplugin.player.inventory.FakeInventoryTest -->
