<?xml version="1.0" encoding="UTF-8"?>
<!-- Generated by org.testng.reporters.JUnitReportReporter -->
<testsuite hostname="Fabian-PC" name="de.rpgstupe.rpgplugin.inventory.MoneyHandlerTest" tests="5" failures="0" timestamp="28 Jan 2017 20:20:17 GMT" time="0.032" errors="0">
  <testcase name="addShouldMergeMoneyCorrectly" time="0.001" classname="de.rpgstupe.rpgplugin.inventory.MoneyHandlerTest"/>
  <testcase name="addShouldMergeMoneyCorrectly" time="0.008" classname="de.rpgstupe.rpgplugin.inventory.MoneyHandlerTest"/>
  <testcase name="addShouldMergeMoneyCorrectly" time="0.001" classname="de.rpgstupe.rpgplugin.inventory.MoneyHandlerTest"/>
  <testcase name="addShouldMergeMoneyCorrectly" time="0.020" classname="de.rpgstupe.rpgplugin.inventory.MoneyHandlerTest"/>
  <testcase name="addShouldMergeMoneyCorrectly" time="0.002" classname="de.rpgstupe.rpgplugin.inventory.MoneyHandlerTest"/>
</testsuite> <!-- de.rpgstupe.rpgplugin.inventory.MoneyHandlerTest -->
